<?xml version="1.0" encoding="UTF-8"?>
<testsuite name="com.exito.runner.RunnerTestCucumber" tests="0" skipped="0" failures="0" errors="0" timestamp="1970-01-01T00:00:00" hostname="PSOKFA0777" time="0.0">
  <properties/>
  <system-out><![CDATA[
?[33mUndefined scenarios:?[0m
?[33mfile:///D:/RetoAutomatizacionWeb/src/test/resources/features/purchase.feature:7?[0m# Compra productos de mercado

1 Scenarios (?[33m1 undefined?[0m)
4 Steps (?[33m4 undefined?[0m)
0m0,459s


You can implement missing steps with the snippets below:

@Given("el cliente se encuentra en la página de inicio")
public void elClienteSeEncuentraEnLaPáginaDeInicio() {
    // Write code here that turns the phrase above into concrete actions
    throw new io.cucumber.java.PendingException();
}

@When("el cliente ingresa a su cuenta con email y contrasenna")
public void elClienteIngresaASuCuentaConEmailYContrasenna() {
    // Write code here that turns the phrase above into concrete actions
    throw new io.cucumber.java.PendingException();
}

@When("el cliente selecciona sus productos y finaliza su compra")
public void elClienteSeleccionaSusProductosYFinalizaSuCompra() {
    // Write code here that turns the phrase above into concrete actions
    throw new io.cucumber.java.PendingException();
}

@Then("la página debera mostrar el resumen de la compra")
public void laPáginaDeberaMostrarElResumenDeLaCompra() {
    // Write code here that turns the phrase above into concrete actions
    throw new io.cucumber.java.PendingException();
}


]]></system-out>
  <system-err><![CDATA[SLF4J: Failed to load class "org.slf4j.impl.StaticLoggerBinder".
SLF4J: Defaulting to no-operation (NOP) logger implementation
SLF4J: See http://www.slf4j.org/codes.html#StaticLoggerBinder for further details.
]]></system-err>
</testsuite>
